This is pdfTeX, Version 3.14159265-2.6-1.40.20 (TeX Live 2019/Debian) (preloaded format=pdflatex 2020.9.28)  4 NOV 2020 23:24
entering extended mode
 restricted \write18 enabled.
 %&-line parsing enabled.
**main.tex
(./main.tex
LaTeX2e <2020-02-02> patch level 2
L3 programming layer <2020-02-14> (./fphw.cls
Document Class: fphw 2019/03/19
(/usr/share/texlive/texmf-dist/tex/latex/fancyhdr/fancyhdr.sty
Package: fancyhdr 2019/01/31 v3.10 Extensive control of page headers and footer
s
\f@nch@headwidth=\skip47
\f@nch@O@elh=\skip48
\f@nch@O@erh=\skip49
\f@nch@O@olh=\skip50
\f@nch@O@orh=\skip51
\f@nch@O@elf=\skip52
\f@nch@O@erf=\skip53
\f@nch@O@olf=\skip54
\f@nch@O@orf=\skip55
)
(/usr/share/texlive/texmf-dist/tex/latex/base/article.cls
Document Class: article 2019/12/20 v1.4l Standard LaTeX document class
(/usr/share/texlive/texmf-dist/tex/latex/base/size12.clo
File: size12.clo 2019/12/20 v1.4l Standard LaTeX file (size option)
)
\c@part=\count167
\c@section=\count168
\c@subsection=\count169
\c@subsubsection=\count170
\c@paragraph=\count171
\c@subparagraph=\count172
\c@figure=\count173
\c@table=\count174
\abovecaptionskip=\skip56
\belowcaptionskip=\skip57
\bibindent=\dimen134
)
(/usr/share/texlive/texmf-dist/tex/latex/titlesec/titlesec.sty
Package: titlesec 2019/10/16 v2.13 Sectioning titles
\ttl@box=\box45
\beforetitleunit=\skip58
\aftertitleunit=\skip59
\ttl@plus=\dimen135
\ttl@minus=\dimen136
\ttl@toksa=\toks14
\titlewidth=\dimen137
\titlewidthlast=\dimen138
\titlewidthfirst=\dimen139
)
(/usr/share/texlive/texmf-dist/tex/latex/geometry/geometry.sty
Package: geometry 2020/01/02 v5.9 Page Geometry

(/usr/share/texlive/texmf-dist/tex/latex/graphics/keyval.sty
Package: keyval 2014/10/28 v1.15 key=value parser (DPC)
\KV@toks@=\toks15
)
(/usr/share/texlive/texmf-dist/tex/generic/iftex/ifvtex.sty
Package: ifvtex 2019/10/25 v1.7 ifvtex legacy package. Use iftex instead.

(/usr/share/texlive/texmf-dist/tex/generic/iftex/iftex.sty
Package: iftex 2019/11/07 v1.0c TeX engine tests
))
\Gm@cnth=\count175
\Gm@cntv=\count176
\c@Gm@tempcnt=\count177
\Gm@bindingoffset=\dimen140
\Gm@wd@mp=\dimen141
\Gm@odd@mp=\dimen142
\Gm@even@mp=\dimen143
\Gm@layoutwidth=\dimen144
\Gm@layoutheight=\dimen145
\Gm@layouthoffset=\dimen146
\Gm@layoutvoffset=\dimen147
\Gm@dimlist=\toks16
)
\problembox=\box46
)
(/usr/share/texlive/texmf-dist/tex/latex/base/inputenc.sty
Package: inputenc 2018/08/11 v1.3c Input encoding file
\inpenc@prehook=\toks17
\inpenc@posthook=\toks18
)
(/usr/share/texlive/texmf-dist/tex/latex/base/fontenc.sty
Package: fontenc 2020/02/11 v2.0o Standard LaTeX package
)
(/usr/share/texlive/texmf-dist/tex/generic/babel/babel.sty
Package: babel 2020/02/14 3.40 The Babel package

(/usr/share/texlive/texmf-dist/tex/generic/babel/switch.def
File: switch.def 2020/02/14 3.40 Babel switching mechanism
)
(/usr/share/texlive/texmf-dist/tex/generic/babel-portuges/portuges.ldf
Language: portuges 2008/03/18 v1.2q Portuguese support from the babel system

(/usr/share/texlive/texmf-dist/tex/generic/babel/babel.def
File: babel.def 2020/02/14 3.40 Babel common definitions
\babel@savecnt=\count178
\U@D=\dimen148

(/usr/share/texlive/texmf-dist/tex/generic/babel/txtbabel.def)
\bbl@readstream=\read2
\bbl@dirlevel=\count179
)
Package babel Info: Making " an active character on input line 145.
)
(/usr/share/texlive/texmf-dist/tex/generic/babel-portuges/portuges.ldf
Language: portuges 2008/03/18 v1.2q Portuguese support from the babel system
Package babel Info: \l@brazil = using hyphenrules for portuguese
(babel)             (\language4) on input line 113.
))
(/usr/share/texlive/texmf-dist/tex/latex/psnfss/mathpazo.sty
Package: mathpazo 2005/04/12 PSNFSS-v9.2a Palatino w/ Pazo Math (D.Puga, WaS) 
\symupright=\mathgroup4
)
(/usr/share/texlive/texmf-dist/tex/latex/graphics/graphicx.sty
Package: graphicx 2019/11/30 v1.2a Enhanced LaTeX Graphics (DPC,SPQR)

(/usr/share/texlive/texmf-dist/tex/latex/graphics/graphics.sty
Package: graphics 2019/11/30 v1.4a Standard LaTeX Graphics (DPC,SPQR)

(/usr/share/texlive/texmf-dist/tex/latex/graphics/trig.sty
Package: trig 2016/01/03 v1.10 sin cos tan (DPC)
)
(/usr/share/texlive/texmf-dist/tex/latex/graphics-cfg/graphics.cfg
File: graphics.cfg 2016/06/04 v1.11 sample graphics configuration
)
Package graphics Info: Driver file: pdftex.def on input line 105.

(/usr/share/texlive/texmf-dist/tex/latex/graphics-def/pdftex.def
File: pdftex.def 2018/01/08 v1.0l Graphics/color driver for pdftex
))
\Gin@req@height=\dimen149
\Gin@req@width=\dimen150
)
(/usr/share/texlive/texmf-dist/tex/latex/booktabs/booktabs.sty
Package: booktabs 2020/01/12 v1.61803398 Publication quality tables
\heavyrulewidth=\dimen151
\lightrulewidth=\dimen152
\cmidrulewidth=\dimen153
\belowrulesep=\dimen154
\belowbottomsep=\dimen155
\aboverulesep=\dimen156
\abovetopsep=\dimen157
\cmidrulesep=\dimen158
\cmidrulekern=\dimen159
\defaultaddspace=\dimen160
\@cmidla=\count180
\@cmidlb=\count181
\@aboverulesep=\dimen161
\@belowrulesep=\dimen162
\@thisruleclass=\count182
\@lastruleclass=\count183
\@thisrulewidth=\dimen163
)
(/usr/share/texlive/texmf-dist/tex/latex/listings/listings.sty
\lst@mode=\count184
\lst@gtempboxa=\box47
\lst@token=\toks19
\lst@length=\count185
\lst@currlwidth=\dimen164
\lst@column=\count186
\lst@pos=\count187
\lst@lostspace=\dimen165
\lst@width=\dimen166
\lst@newlines=\count188
\lst@lineno=\count189
\lst@maxwidth=\dimen167

(/usr/share/texlive/texmf-dist/tex/latex/listings/lstmisc.sty
File: lstmisc.sty 2019/09/10 1.8c (Carsten Heinz)
\c@lstnumber=\count190
\lst@skipnumbers=\count191
\lst@framebox=\box48
)
(/usr/share/texlive/texmf-dist/tex/latex/listings/listings.cfg
File: listings.cfg 2019/09/10 1.8c listings configuration
))
Package: listings 2019/09/10 1.8c (Carsten Heinz)

(/usr/share/texlive/texmf-dist/tex/latex/tools/enumerate.sty
Package: enumerate 2015/07/23 v3.00 enumerate extensions (DPC)
\@enLab=\toks20
)
(/usr/share/texlive/texmf-dist/tex/latex/amsmath/amsmath.sty
Package: amsmath 2020/01/20 v2.17e AMS math features
\@mathmargin=\skip60

For additional information on amsmath, use the `?' option.
(/usr/share/texlive/texmf-dist/tex/latex/amsmath/amstext.sty
Package: amstext 2000/06/29 v2.01 AMS text

(/usr/share/texlive/texmf-dist/tex/latex/amsmath/amsgen.sty
File: amsgen.sty 1999/11/30 v2.0 generic functions
\@emptytoks=\toks21
\ex@=\dimen168
))
(/usr/share/texlive/texmf-dist/tex/latex/amsmath/amsbsy.sty
Package: amsbsy 1999/11/29 v1.2d Bold Symbols
\pmbraise@=\dimen169
)
(/usr/share/texlive/texmf-dist/tex/latex/amsmath/amsopn.sty
Package: amsopn 2016/03/08 v2.02 operator names
)
\inf@bad=\count192
LaTeX Info: Redefining \frac on input line 227.
\uproot@=\count193
\leftroot@=\count194
LaTeX Info: Redefining \overline on input line 389.
\classnum@=\count195
\DOTSCASE@=\count196
LaTeX Info: Redefining \ldots on input line 486.
LaTeX Info: Redefining \dots on input line 489.
LaTeX Info: Redefining \cdots on input line 610.
\Mathstrutbox@=\box49
\strutbox@=\box50
\big@size=\dimen170
LaTeX Font Info:    Redeclaring font encoding OML on input line 733.
LaTeX Font Info:    Redeclaring font encoding OMS on input line 734.
\macc@depth=\count197
\c@MaxMatrixCols=\count198
\dotsspace@=\muskip16
\c@parentequation=\count199
\dspbrk@lvl=\count266
\tag@help=\toks22
\row@=\count267
\column@=\count268
\maxfields@=\count269
\andhelp@=\toks23
\eqnshift@=\dimen171
\alignsep@=\dimen172
\tagshift@=\dimen173
\tagwidth@=\dimen174
\totwidth@=\dimen175
\lineht@=\dimen176
\@envbody=\toks24
\multlinegap=\skip61
\multlinetaggap=\skip62
\mathdisplay@stack=\toks25
LaTeX Info: Redefining \[ on input line 2859.
LaTeX Info: Redefining \] on input line 2860.
)
(/usr/share/texlive/texmf-dist/tex/latex/float/float.sty
Package: float 2001/11/08 v1.3d Float enhancements (AL)
\c@float@type=\count270
\float@exts=\toks26
\float@box=\box51
\@float@everytoks=\toks27
\@floatcapt=\box52
)
(/usr/share/texlive/texmf-dist/tex/latex/hyperref/hyperref.sty
Package: hyperref 2020/01/14 v7.00d Hypertext links for LaTeX

(/usr/share/texlive/texmf-dist/tex/generic/ltxcmds/ltxcmds.sty
Package: ltxcmds 2019/12/15 v1.24 LaTeX kernel commands for general use (HO)
)
(/usr/share/texlive/texmf-dist/tex/latex/pdftexcmds/pdftexcmds.sty
Package: pdftexcmds 2019/11/24 v0.31 Utility functions of pdfTeX for LuaTeX (HO
)

(/usr/share/texlive/texmf-dist/tex/generic/infwarerr/infwarerr.sty
Package: infwarerr 2019/12/03 v1.5 Providing info/warning/error messages (HO)
)
Package pdftexcmds Info: \pdf@primitive is available.
Package pdftexcmds Info: \pdf@ifprimitive is available.
Package pdftexcmds Info: \pdfdraftmode found.
)
(/usr/share/texlive/texmf-dist/tex/generic/kvsetkeys/kvsetkeys.sty
Package: kvsetkeys 2019/12/15 v1.18 Key value parser (HO)
)
(/usr/share/texlive/texmf-dist/tex/generic/kvdefinekeys/kvdefinekeys.sty
Package: kvdefinekeys 2019-12-19 v1.6 Define keys (HO)
)
(/usr/share/texlive/texmf-dist/tex/generic/pdfescape/pdfescape.sty
Package: pdfescape 2019/12/09 v1.15 Implements pdfTeX's escape features (HO)
)
(/usr/share/texlive/texmf-dist/tex/latex/hycolor/hycolor.sty
Package: hycolor 2020-01-27 v1.10 Color options for hyperref/bookmark (HO)
)
(/usr/share/texlive/texmf-dist/tex/latex/letltxmacro/letltxmacro.sty
Package: letltxmacro 2019/12/03 v1.6 Let assignment for LaTeX macros (HO)
)
(/usr/share/texlive/texmf-dist/tex/latex/auxhook/auxhook.sty
Package: auxhook 2019-12-17 v1.6 Hooks for auxiliary files (HO)
)
(/usr/share/texlive/texmf-dist/tex/latex/kvoptions/kvoptions.sty
Package: kvoptions 2019/11/29 v3.13 Key value format for package options (HO)
)
\@linkdim=\dimen177
\Hy@linkcounter=\count271
\Hy@pagecounter=\count272

(/usr/share/texlive/texmf-dist/tex/latex/hyperref/pd1enc.def
File: pd1enc.def 2020/01/14 v7.00d Hyperref: PDFDocEncoding definition (HO)
Now handling font encoding PD1 ...
... no UTF-8 mapping file for font encoding PD1
)
(/usr/share/texlive/texmf-dist/tex/generic/intcalc/intcalc.sty
Package: intcalc 2019/12/15 v1.3 Expandable calculations with integers (HO)
)
(/usr/share/texlive/texmf-dist/tex/generic/etexcmds/etexcmds.sty
Package: etexcmds 2019/12/15 v1.7 Avoid name clashes with e-TeX commands (HO)
)
\Hy@SavedSpaceFactor=\count273
\pdfmajorversion=\count274
Package hyperref Info: Hyper figures OFF on input line 4547.
Package hyperref Info: Link nesting OFF on input line 4552.
Package hyperref Info: Hyper index ON on input line 4555.
Package hyperref Info: Plain pages OFF on input line 4562.
Package hyperref Info: Backreferencing OFF on input line 4567.
Package hyperref Info: Implicit mode ON; LaTeX internals redefined.
Package hyperref Info: Bookmarks ON on input line 4800.
\c@Hy@tempcnt=\count275

(/usr/share/texlive/texmf-dist/tex/latex/url/url.sty
\Urlmuskip=\muskip17
Package: url 2013/09/16  ver 3.4  Verb mode for urls, etc.
)
LaTeX Info: Redefining \url on input line 5159.
\XeTeXLinkMargin=\dimen178

(/usr/share/texlive/texmf-dist/tex/generic/bitset/bitset.sty
Package: bitset 2019/12/09 v1.3 Handle bit-vector datatype (HO)

(/usr/share/texlive/texmf-dist/tex/generic/bigintcalc/bigintcalc.sty
Package: bigintcalc 2019/12/15 v1.5 Expandable calculations on big integers (HO
)
))
\Fld@menulength=\count276
\Field@Width=\dimen179
\Fld@charsize=\dimen180
Package hyperref Info: Hyper figures OFF on input line 6430.
Package hyperref Info: Link nesting OFF on input line 6435.
Package hyperref Info: Hyper index ON on input line 6438.
Package hyperref Info: backreferencing OFF on input line 6445.
Package hyperref Info: Link coloring OFF on input line 6450.
Package hyperref Info: Link coloring with OCG OFF on input line 6455.
Package hyperref Info: PDF/A mode OFF on input line 6460.
LaTeX Info: Redefining \ref on input line 6500.
LaTeX Info: Redefining \pageref on input line 6504.

(/usr/share/texlive/texmf-dist/tex/generic/atbegshi/atbegshi.sty
Package: atbegshi 2019/12/05 v1.19 At begin shipout hook (HO)
)
\Hy@abspage=\count277
\c@Item=\count278
\c@Hfootnote=\count279
)
Package hyperref Info: Driver (autodetected): hpdftex.

(/usr/share/texlive/texmf-dist/tex/latex/hyperref/hpdftex.def
File: hpdftex.def 2020/01/14 v7.00d Hyperref driver for pdfTeX

(/usr/share/texlive/texmf-dist/tex/latex/atveryend/atveryend.sty
Package: atveryend 2019-12-11 v1.11 Hooks at the very end of document (HO)
Package atveryend Info: \enddocument detected (standard20110627).
)
\Fld@listcount=\count280
\c@bookmark@seq@number=\count281

(/usr/share/texlive/texmf-dist/tex/latex/rerunfilecheck/rerunfilecheck.sty
Package: rerunfilecheck 2019/12/05 v1.9 Rerun checks for auxiliary files (HO)

(/usr/share/texlive/texmf-dist/tex/generic/uniquecounter/uniquecounter.sty
Package: uniquecounter 2019/12/15 v1.4 Provide unlimited unique counter (HO)
)
Package uniquecounter Info: New unique counter `rerunfilecheck' on input line 2
86.
)
\Hy@SectionHShift=\skip63
)
Package hyperref Info: Option `colorlinks' set `true' on input line 20.

(/usr/share/texlive/texmf-dist/tex/latex/l3backend/l3backend-pdfmode.def
File: l3backend-pdfmode.def 2020-02-03 L3 backend support: PDF mode
\l__kernel_color_stack_int=\count282
\l__pdf_internal_box=\box53
)
(./main.aux)
\openout1 = `main.aux'.

LaTeX Font Info:    Checking defaults for OML/cmm/m/it on input line 35.
LaTeX Font Info:    ... okay on input line 35.
LaTeX Font Info:    Checking defaults for OMS/cmsy/m/n on input line 35.
LaTeX Font Info:    ... okay on input line 35.
LaTeX Font Info:    Checking defaults for OT1/cmr/m/n on input line 35.
LaTeX Font Info:    ... okay on input line 35.
LaTeX Font Info:    Checking defaults for T1/cmr/m/n on input line 35.
LaTeX Font Info:    ... okay on input line 35.
LaTeX Font Info:    Checking defaults for TS1/cmr/m/n on input line 35.
LaTeX Font Info:    ... okay on input line 35.
LaTeX Font Info:    Checking defaults for OMX/cmex/m/n on input line 35.
LaTeX Font Info:    ... okay on input line 35.
LaTeX Font Info:    Checking defaults for U/cmr/m/n on input line 35.
LaTeX Font Info:    ... okay on input line 35.
LaTeX Font Info:    Checking defaults for PD1/pdf/m/n on input line 35.
LaTeX Font Info:    ... okay on input line 35.
LaTeX Font Info:    Trying to load font information for T1+ppl on input line 35
.
 (/usr/share/texlive/texmf-dist/tex/latex/psnfss/t1ppl.fd
File: t1ppl.fd 2001/06/04 font definitions for T1/ppl.
)
*geometry* driver: auto-detecting
*geometry* detected driver: pdftex
*geometry* verbose mode - [ preamble ] result:
* driver: pdftex
* paper: a4paper
* layout: <same size as paper>
* layoutoffset:(h,v)=(0.0pt,0.0pt)
* modes: 
* h-part:(L,W,R)=(71.13188pt, 455.24411pt, 71.13188pt)
* v-part:(T,H,B)=(71.13188pt, 702.78308pt, 71.13188pt)
* \paperwidth=597.50787pt
* \paperheight=845.04684pt
* \textwidth=455.24411pt
* \textheight=702.78308pt
* \oddsidemargin=-1.1381pt
* \evensidemargin=-1.1381pt
* \topmargin=-38.1381pt
* \headheight=12.0pt
* \headsep=25.0pt
* \topskip=12.0pt
* \footskip=30.0pt
* \marginparwidth=35.0pt
* \marginparsep=10.0pt
* \columnsep=10.0pt
* \skip\footins=10.8pt plus 4.0pt minus 2.0pt
* \hoffset=0.0pt
* \voffset=0.0pt
* \mag=1000
* \@twocolumnfalse
* \@twosidefalse
* \@mparswitchfalse
* \@reversemarginfalse
* (1in=72.27pt=25.4mm, 1cm=28.453pt)

(/usr/share/texlive/texmf-dist/tex/context/base/mkii/supp-pdf.mkii
[Loading MPS to PDF converter (version 2006.09.02).]
\scratchcounter=\count283
\scratchdimen=\dimen181
\scratchbox=\box54
\nofMPsegments=\count284
\nofMParguments=\count285
\everyMPshowfont=\toks28
\MPscratchCnt=\count286
\MPscratchDim=\dimen182
\MPnumerator=\count287
\makeMPintoPDFobject=\count288
\everyMPtoPDFconversion=\toks29
) (/usr/share/texlive/texmf-dist/tex/latex/epstopdf-pkg/epstopdf-base.sty
Package: epstopdf-base 2020-01-24 v2.11 Base part for package epstopdf
Package epstopdf-base Info: Redefining graphics rule for `.eps' on input line 4
85.

(/usr/share/texlive/texmf-dist/tex/latex/latexconfig/epstopdf-sys.cfg
File: epstopdf-sys.cfg 2010/07/13 v1.3 Configuration of (r)epstopdf for TeX Liv
e
))
\c@lstlisting=\count289
\AtBeginShipoutBox=\box55

(/usr/share/texlive/texmf-dist/tex/latex/graphics/color.sty
Package: color 2019/11/23 v1.2a Standard LaTeX Color (DPC)

(/usr/share/texlive/texmf-dist/tex/latex/graphics-cfg/color.cfg
File: color.cfg 2016/01/02 v1.6 sample color configuration
)
Package color Info: Driver file: pdftex.def on input line 147.
)
Package hyperref Info: Link coloring ON on input line 35.

(/usr/share/texlive/texmf-dist/tex/latex/hyperref/nameref.sty
Package: nameref 2019/09/16 v2.46 Cross-referencing by name of section

(/usr/share/texlive/texmf-dist/tex/latex/refcount/refcount.sty
Package: refcount 2019/12/15 v3.6 Data extraction from label references (HO)
)
(/usr/share/texlive/texmf-dist/tex/generic/gettitlestring/gettitlestring.sty
Package: gettitlestring 2019/12/15 v1.6 Cleanup title references (HO)
)
\c@section@level=\count290
)
LaTeX Info: Redefining \ref on input line 35.
LaTeX Info: Redefining \pageref on input line 35.
LaTeX Info: Redefining \nameref on input line 35.

(./main.out) (./main.out)
\@outlinefile=\write3
\openout3 = `main.out'.

LaTeX Font Info:    Trying to load font information for OT1+ppl on input line 4
4.

(/usr/share/texlive/texmf-dist/tex/latex/psnfss/ot1ppl.fd
File: ot1ppl.fd 2001/06/04 font definitions for OT1/ppl.
)
LaTeX Font Info:    Trying to load font information for OML+zplm on input line 
44.

(/usr/share/texlive/texmf-dist/tex/latex/psnfss/omlzplm.fd
File: omlzplm.fd 2002/09/08 Fontinst v1.914 font definitions for OML/zplm.
)
LaTeX Font Info:    Trying to load font information for OMS+zplm on input line 
44.

(/usr/share/texlive/texmf-dist/tex/latex/psnfss/omszplm.fd
File: omszplm.fd 2002/09/08 Fontinst v1.914 font definitions for OMS/zplm.
)
LaTeX Font Info:    Trying to load font information for OMX+zplm on input line 
44.

(/usr/share/texlive/texmf-dist/tex/latex/psnfss/omxzplm.fd
File: omxzplm.fd 2002/09/08 Fontinst v1.914 font definitions for OMX/zplm.
)
LaTeX Font Info:    Trying to load font information for OT1+zplm on input line 
44.

(/usr/share/texlive/texmf-dist/tex/latex/psnfss/ot1zplm.fd
File: ot1zplm.fd 2002/09/08 Fontinst v1.914 font definitions for OT1/zplm.
) [1

{/var/lib/texmf/fonts/map/pdftex/updmap/pdftex.map}]
Overfull \hbox (22.2385pt too wide) detected at line 152
\OML/zplm/m/it/12 u\OT1/zplm/m/n/12 (\OT1/ppl/m/n/12 0, \OML/zplm/m/it/12 t\OT1
/zplm/m/n/12 ) = [][] \OMS/zplm/m/n/12 ^^A [] \OT1/zplm/m/n/12 = \OT1/ppl/m/n/1
2 0
 []

[2] [3]
Overfull \hbox (86.39919pt too wide) detected at line 306
\OML/zplm/m/it/12 b[] \OT1/zplm/m/n/12 = \OMS/zplm/m/n/12 ^^@[] []
 []

Package epstopdf Info: Source file: <graficos/grafico_t=0.000s.eps>
(epstopdf)                    date: 2020-11-01 14:05:36
(epstopdf)                    size: 28177 bytes
(epstopdf)             Output file: <graficos/grafico_t=0.000s-eps-converted-to
.pdf>
(epstopdf)                    date: 2020-11-01 14:07:55
(epstopdf)                    size: 14869 bytes
(epstopdf)             Command: <repstopdf --outfile=graficos/grafico_t=0.000s-
eps-converted-to.pdf graficos/grafico_t=0.000s.eps>
(epstopdf)             \includegraphics on input line 334.
Package epstopdf Info: Output file is already uptodate.
<graficos/grafico_t=0.000s-eps-converted-to.pdf, id=39, 1445.4pt x 1156.32pt>
File: graficos/grafico_t=0.000s-eps-converted-to.pdf Graphic file (type pdf)
<use graficos/grafico_t=0.000s-eps-converted-to.pdf>
Package pdftex.def Info: graficos/grafico_t=0.000s-eps-converted-to.pdf  used o
n input line 334.
(pdftex.def)             Requested size: 364.19667pt x 291.35536pt.
Package epstopdf Info: Source file: <graficos/grafico_t=1.000s.eps>
(epstopdf)                    date: 2020-11-01 14:05:36
(epstopdf)                    size: 29628 bytes
(epstopdf)             Output file: <graficos/grafico_t=1.000s-eps-converted-to
.pdf>
(epstopdf)                    date: 2020-11-01 14:07:55
(epstopdf)                    size: 15850 bytes
(epstopdf)             Command: <repstopdf --outfile=graficos/grafico_t=1.000s-
eps-converted-to.pdf graficos/grafico_t=1.000s.eps>
(epstopdf)             \includegraphics on input line 341.
Package epstopdf Info: Output file is already uptodate.
<graficos/grafico_t=1.000s-eps-converted-to.pdf, id=40, 1445.4pt x 1156.32pt>
File: graficos/grafico_t=1.000s-eps-converted-to.pdf Graphic file (type pdf)
<use graficos/grafico_t=1.000s-eps-converted-to.pdf>
Package pdftex.def Info: graficos/grafico_t=1.000s-eps-converted-to.pdf  used o
n input line 341.
(pdftex.def)             Requested size: 364.19667pt x 291.35536pt.
[4 <./graficos/grafico_t=0.000s-eps-converted-to.pdf>]
Package epstopdf Info: Source file: <graficos/grafico_t=2.000s.eps>
(epstopdf)                    date: 2020-11-01 14:05:36
(epstopdf)                    size: 29701 bytes
(epstopdf)             Output file: <graficos/grafico_t=2.000s-eps-converted-to
.pdf>
(epstopdf)                    date: 2020-11-01 14:07:56
(epstopdf)                    size: 15879 bytes
(epstopdf)             Command: <repstopdf --outfile=graficos/grafico_t=2.000s-
eps-converted-to.pdf graficos/grafico_t=2.000s.eps>
(epstopdf)             \includegraphics on input line 348.
Package epstopdf Info: Output file is already uptodate.
<graficos/grafico_t=2.000s-eps-converted-to.pdf, id=75, 1445.4pt x 1156.32pt>
File: graficos/grafico_t=2.000s-eps-converted-to.pdf Graphic file (type pdf)
<use graficos/grafico_t=2.000s-eps-converted-to.pdf>
Package pdftex.def Info: graficos/grafico_t=2.000s-eps-converted-to.pdf  used o
n input line 348.
(pdftex.def)             Requested size: 364.19667pt x 291.35536pt.
Package epstopdf Info: Source file: <graficos/grafico_t=3.000s.eps>
(epstopdf)                    date: 2020-11-01 14:05:37
(epstopdf)                    size: 29634 bytes
(epstopdf)             Output file: <graficos/grafico_t=3.000s-eps-converted-to
.pdf>
(epstopdf)                    date: 2020-11-01 14:07:56
(epstopdf)                    size: 15869 bytes
(epstopdf)             Command: <repstopdf --outfile=graficos/grafico_t=3.000s-
eps-converted-to.pdf graficos/grafico_t=3.000s.eps>
(epstopdf)             \includegraphics on input line 355.
Package epstopdf Info: Output file is already uptodate.
<graficos/grafico_t=3.000s-eps-converted-to.pdf, id=76, 1445.4pt x 1156.32pt>
File: graficos/grafico_t=3.000s-eps-converted-to.pdf Graphic file (type pdf)
<use graficos/grafico_t=3.000s-eps-converted-to.pdf>
Package pdftex.def Info: graficos/grafico_t=3.000s-eps-converted-to.pdf  used o
n input line 355.
(pdftex.def)             Requested size: 364.19667pt x 291.35536pt.
 [5 <./graficos/grafico_t=1.000s-eps-converted-to.pdf> <./graficos/grafico_t=2.
000s-eps-converted-to.pdf>]
Package epstopdf Info: Source file: <graficos/grafico_t=3.500s.eps>
(epstopdf)                    date: 2020-11-01 14:05:37
(epstopdf)                    size: 29594 bytes
(epstopdf)             Output file: <graficos/grafico_t=3.500s-eps-converted-to
.pdf>
(epstopdf)                    date: 2020-11-01 14:07:56
(epstopdf)                    size: 15850 bytes
(epstopdf)             Command: <repstopdf --outfile=graficos/grafico_t=3.500s-
eps-converted-to.pdf graficos/grafico_t=3.500s.eps>
(epstopdf)             \includegraphics on input line 362.
Package epstopdf Info: Output file is already uptodate.
<graficos/grafico_t=3.500s-eps-converted-to.pdf, id=145, 1445.4pt x 1156.32pt>
File: graficos/grafico_t=3.500s-eps-converted-to.pdf Graphic file (type pdf)
<use graficos/grafico_t=3.500s-eps-converted-to.pdf>
Package pdftex.def Info: graficos/grafico_t=3.500s-eps-converted-to.pdf  used o
n input line 362.
(pdftex.def)             Requested size: 364.19667pt x 291.35536pt.
Package epstopdf Info: Source file: <graficos/grafico_t=4.000s.eps>
(epstopdf)                    date: 2020-11-01 14:05:37
(epstopdf)                    size: 29913 bytes
(epstopdf)             Output file: <graficos/grafico_t=4.000s-eps-converted-to
.pdf>
(epstopdf)                    date: 2020-11-01 14:07:56
(epstopdf)                    size: 15832 bytes
(epstopdf)             Command: <repstopdf --outfile=graficos/grafico_t=4.000s-
eps-converted-to.pdf graficos/grafico_t=4.000s.eps>
(epstopdf)             \includegraphics on input line 369.
Package epstopdf Info: Output file is already uptodate.
<graficos/grafico_t=4.000s-eps-converted-to.pdf, id=146, 1445.4pt x 1156.32pt>
File: graficos/grafico_t=4.000s-eps-converted-to.pdf Graphic file (type pdf)
<use graficos/grafico_t=4.000s-eps-converted-to.pdf>
Package pdftex.def Info: graficos/grafico_t=4.000s-eps-converted-to.pdf  used o
n input line 369.
(pdftex.def)             Requested size: 364.19667pt x 291.35536pt.
 [6 <./graficos/grafico_t=3.000s-eps-converted-to.pdf> <./graficos/grafico_t=3.
500s-eps-converted-to.pdf>]
Package epstopdf Info: Source file: <graficos/grafico_t=4.500s.eps>
(epstopdf)                    date: 2020-11-01 14:05:37
(epstopdf)                    size: 29175 bytes
(epstopdf)             Output file: <graficos/grafico_t=4.500s-eps-converted-to
.pdf>
(epstopdf)                    date: 2020-11-01 14:07:56
(epstopdf)                    size: 15734 bytes
(epstopdf)             Command: <repstopdf --outfile=graficos/grafico_t=4.500s-
eps-converted-to.pdf graficos/grafico_t=4.500s.eps>
(epstopdf)             \includegraphics on input line 376.
Package epstopdf Info: Output file is already uptodate.
<graficos/grafico_t=4.500s-eps-converted-to.pdf, id=215, 1445.4pt x 1156.32pt>
File: graficos/grafico_t=4.500s-eps-converted-to.pdf Graphic file (type pdf)
<use graficos/grafico_t=4.500s-eps-converted-to.pdf>
Package pdftex.def Info: graficos/grafico_t=4.500s-eps-converted-to.pdf  used o
n input line 376.
(pdftex.def)             Requested size: 364.19667pt x 291.35536pt.
Package epstopdf Info: Source file: <graficos/grafico_t=5.000s.eps>
(epstopdf)                    date: 2020-11-01 14:05:37
(epstopdf)                    size: 29926 bytes
(epstopdf)             Output file: <graficos/grafico_t=5.000s-eps-converted-to
.pdf>
(epstopdf)                    date: 2020-11-01 14:07:57
(epstopdf)                    size: 16593 bytes
(epstopdf)             Command: <repstopdf --outfile=graficos/grafico_t=5.000s-
eps-converted-to.pdf graficos/grafico_t=5.000s.eps>
(epstopdf)             \includegraphics on input line 383.
Package epstopdf Info: Output file is already uptodate.
<graficos/grafico_t=5.000s-eps-converted-to.pdf, id=216, 1445.4pt x 1156.32pt>
File: graficos/grafico_t=5.000s-eps-converted-to.pdf Graphic file (type pdf)
<use graficos/grafico_t=5.000s-eps-converted-to.pdf>
Package pdftex.def Info: graficos/grafico_t=5.000s-eps-converted-to.pdf  used o
n input line 383.
(pdftex.def)             Requested size: 364.19667pt x 291.35536pt.
 [7 <./graficos/grafico_t=4.000s-eps-converted-to.pdf> <./graficos/grafico_t=4.
500s-eps-converted-to.pdf>]
Package epstopdf Info: Source file: <graficos/grafico_t=5.500s.eps>
(epstopdf)                    date: 2020-11-01 14:05:37
(epstopdf)                    size: 29437 bytes
(epstopdf)             Output file: <graficos/grafico_t=5.500s-eps-converted-to
.pdf>
(epstopdf)                    date: 2020-11-01 14:07:57
(epstopdf)                    size: 16389 bytes
(epstopdf)             Command: <repstopdf --outfile=graficos/grafico_t=5.500s-
eps-converted-to.pdf graficos/grafico_t=5.500s.eps>
(epstopdf)             \includegraphics on input line 390.
Package epstopdf Info: Output file is already uptodate.
<graficos/grafico_t=5.500s-eps-converted-to.pdf, id=286, 1445.4pt x 1156.32pt>
File: graficos/grafico_t=5.500s-eps-converted-to.pdf Graphic file (type pdf)
<use graficos/grafico_t=5.500s-eps-converted-to.pdf>
Package pdftex.def Info: graficos/grafico_t=5.500s-eps-converted-to.pdf  used o
n input line 390.
(pdftex.def)             Requested size: 364.19667pt x 291.35536pt.
Package epstopdf Info: Source file: <graficos/grafico_t=6.000s.eps>
(epstopdf)                    date: 2020-11-01 14:05:37
(epstopdf)                    size: 30206 bytes
(epstopdf)             Output file: <graficos/grafico_t=6.000s-eps-converted-to
.pdf>
(epstopdf)                    date: 2020-11-01 14:07:57
(epstopdf)                    size: 16492 bytes
(epstopdf)             Command: <repstopdf --outfile=graficos/grafico_t=6.000s-
eps-converted-to.pdf graficos/grafico_t=6.000s.eps>
(epstopdf)             \includegraphics on input line 397.
Package epstopdf Info: Output file is already uptodate.
<graficos/grafico_t=6.000s-eps-converted-to.pdf, id=287, 1445.4pt x 1156.32pt>
File: graficos/grafico_t=6.000s-eps-converted-to.pdf Graphic file (type pdf)
<use graficos/grafico_t=6.000s-eps-converted-to.pdf>
Package pdftex.def Info: graficos/grafico_t=6.000s-eps-converted-to.pdf  used o
n input line 397.
(pdftex.def)             Requested size: 364.19667pt x 291.35536pt.
 [8 <./graficos/grafico_t=5.000s-eps-converted-to.pdf> <./graficos/grafico_t=5.
500s-eps-converted-to.pdf>]
Package epstopdf Info: Source file: <graficos/grafico_t=6.500s.eps>
(epstopdf)                    date: 2020-11-01 14:05:37
(epstopdf)                    size: 29852 bytes
(epstopdf)             Output file: <graficos/grafico_t=6.500s-eps-converted-to
.pdf>
(epstopdf)                    date: 2020-11-01 14:07:57
(epstopdf)                    size: 16519 bytes
(epstopdf)             Command: <repstopdf --outfile=graficos/grafico_t=6.500s-
eps-converted-to.pdf graficos/grafico_t=6.500s.eps>
(epstopdf)             \includegraphics on input line 404.
Package epstopdf Info: Output file is already uptodate.
<graficos/grafico_t=6.500s-eps-converted-to.pdf, id=360, 1445.4pt x 1156.32pt>
File: graficos/grafico_t=6.500s-eps-converted-to.pdf Graphic file (type pdf)
<use graficos/grafico_t=6.500s-eps-converted-to.pdf>
Package pdftex.def Info: graficos/grafico_t=6.500s-eps-converted-to.pdf  used o
n input line 404.
(pdftex.def)             Requested size: 364.19667pt x 291.35536pt.
Package epstopdf Info: Source file: <graficos/grafico_t=7.000s.eps>
(epstopdf)                    date: 2020-11-01 14:05:37
(epstopdf)                    size: 30021 bytes
(epstopdf)             Output file: <graficos/grafico_t=7.000s-eps-converted-to
.pdf>
(epstopdf)                    date: 2020-11-01 14:07:58
(epstopdf)                    size: 16747 bytes
(epstopdf)             Command: <repstopdf --outfile=graficos/grafico_t=7.000s-
eps-converted-to.pdf graficos/grafico_t=7.000s.eps>
(epstopdf)             \includegraphics on input line 411.
Package epstopdf Info: Output file is already uptodate.
<graficos/grafico_t=7.000s-eps-converted-to.pdf, id=361, 1445.4pt x 1156.32pt>
File: graficos/grafico_t=7.000s-eps-converted-to.pdf Graphic file (type pdf)
<use graficos/grafico_t=7.000s-eps-converted-to.pdf>
Package pdftex.def Info: graficos/grafico_t=7.000s-eps-converted-to.pdf  used o
n input line 411.
(pdftex.def)             Requested size: 364.19667pt x 291.35536pt.
 [9 <./graficos/grafico_t=6.000s-eps-converted-to.pdf> <./graficos/grafico_t=6.
500s-eps-converted-to.pdf>]
Package epstopdf Info: Source file: <graficos/grafico_x=0.000m.eps>
(epstopdf)                    date: 2020-11-01 14:15:25
(epstopdf)                    size: 24501 bytes
(epstopdf)             Output file: <graficos/grafico_x=0.000m-eps-converted-to
.pdf>
(epstopdf)                    date: 2020-11-01 14:16:51
(epstopdf)                    size: 14557 bytes
(epstopdf)             Command: <repstopdf --outfile=graficos/grafico_x=0.000m-
eps-converted-to.pdf graficos/grafico_x=0.000m.eps>
(epstopdf)             \includegraphics on input line 420.
Package epstopdf Info: Output file is already uptodate.
<graficos/grafico_x=0.000m-eps-converted-to.pdf, id=434, 1445.4pt x 1156.32pt>
File: graficos/grafico_x=0.000m-eps-converted-to.pdf Graphic file (type pdf)
<use graficos/grafico_x=0.000m-eps-converted-to.pdf>
Package pdftex.def Info: graficos/grafico_x=0.000m-eps-converted-to.pdf  used o
n input line 420.
(pdftex.def)             Requested size: 364.19667pt x 291.35536pt.
Package epstopdf Info: Source file: <graficos/grafico_x=1.000m.eps>
(epstopdf)                    date: 2020-11-01 14:15:25
(epstopdf)                    size: 24587 bytes
(epstopdf)             Output file: <graficos/grafico_x=1.000m-eps-converted-to
.pdf>
(epstopdf)                    date: 2020-11-01 14:18:07
(epstopdf)                    size: 14999 bytes
(epstopdf)             Command: <repstopdf --outfile=graficos/grafico_x=1.000m-
eps-converted-to.pdf graficos/grafico_x=1.000m.eps>
(epstopdf)             \includegraphics on input line 427.
Package epstopdf Info: Output file is already uptodate.
<graficos/grafico_x=1.000m-eps-converted-to.pdf, id=435, 1445.4pt x 1156.32pt>
File: graficos/grafico_x=1.000m-eps-converted-to.pdf Graphic file (type pdf)
<use graficos/grafico_x=1.000m-eps-converted-to.pdf>
Package pdftex.def Info: graficos/grafico_x=1.000m-eps-converted-to.pdf  used o
n input line 427.
(pdftex.def)             Requested size: 364.19667pt x 291.35536pt.
 [10 <./graficos/grafico_t=7.000s-eps-converted-to.pdf> <./graficos/grafico_x=0
.000m-eps-converted-to.pdf>]
Package epstopdf Info: Source file: <graficos/grafico_x=2.000m.eps>
(epstopdf)                    date: 2020-11-01 14:15:25
(epstopdf)                    size: 24584 bytes
(epstopdf)             Output file: <graficos/grafico_x=2.000m-eps-converted-to
.pdf>
(epstopdf)                    date: 2020-11-01 14:18:07
(epstopdf)                    size: 14997 bytes
(epstopdf)             Command: <repstopdf --outfile=graficos/grafico_x=2.000m-
eps-converted-to.pdf graficos/grafico_x=2.000m.eps>
(epstopdf)             \includegraphics on input line 434.
Package epstopdf Info: Output file is already uptodate.
<graficos/grafico_x=2.000m-eps-converted-to.pdf, id=511, 1445.4pt x 1156.32pt>
File: graficos/grafico_x=2.000m-eps-converted-to.pdf Graphic file (type pdf)
<use graficos/grafico_x=2.000m-eps-converted-to.pdf>
Package pdftex.def Info: graficos/grafico_x=2.000m-eps-converted-to.pdf  used o
n input line 434.
(pdftex.def)             Requested size: 364.19667pt x 291.35536pt.
Package epstopdf Info: Source file: <graficos/grafico_x=3.000m.eps>
(epstopdf)                    date: 2020-11-01 14:15:25
(epstopdf)                    size: 24584 bytes
(epstopdf)             Output file: <graficos/grafico_x=3.000m-eps-converted-to
.pdf>
(epstopdf)                    date: 2020-11-01 14:18:07
(epstopdf)                    size: 14988 bytes
(epstopdf)             Command: <repstopdf --outfile=graficos/grafico_x=3.000m-
eps-converted-to.pdf graficos/grafico_x=3.000m.eps>
(epstopdf)             \includegraphics on input line 441.
Package epstopdf Info: Output file is already uptodate.
<graficos/grafico_x=3.000m-eps-converted-to.pdf, id=512, 1445.4pt x 1156.32pt>
File: graficos/grafico_x=3.000m-eps-converted-to.pdf Graphic file (type pdf)
<use graficos/grafico_x=3.000m-eps-converted-to.pdf>
Package pdftex.def Info: graficos/grafico_x=3.000m-eps-converted-to.pdf  used o
n input line 441.
(pdftex.def)             Requested size: 364.19667pt x 291.35536pt.
 [11 <./graficos/grafico_x=1.000m-eps-converted-to.pdf> <./graficos/grafico_x=2
.000m-eps-converted-to.pdf>]
Package epstopdf Info: Source file: <graficos/grafico_x=4.000m.eps>
(epstopdf)                    date: 2020-11-01 14:15:25
(epstopdf)                    size: 25984 bytes
(epstopdf)             Output file: <graficos/grafico_x=4.000m-eps-converted-to
.pdf>
(epstopdf)                    date: 2020-11-01 14:18:07
(epstopdf)                    size: 15083 bytes
(epstopdf)             Command: <repstopdf --outfile=graficos/grafico_x=4.000m-
eps-converted-to.pdf graficos/grafico_x=4.000m.eps>
(epstopdf)             \includegraphics on input line 448.
Package epstopdf Info: Output file is already uptodate.
<graficos/grafico_x=4.000m-eps-converted-to.pdf, id=587, 1445.4pt x 1156.32pt>
File: graficos/grafico_x=4.000m-eps-converted-to.pdf Graphic file (type pdf)
<use graficos/grafico_x=4.000m-eps-converted-to.pdf>
Package pdftex.def Info: graficos/grafico_x=4.000m-eps-converted-to.pdf  used o
n input line 448.
(pdftex.def)             Requested size: 364.19667pt x 291.35536pt.
Package epstopdf Info: Source file: <graficos/grafico_x=5.000m.eps>
(epstopdf)                    date: 2020-11-01 14:15:25
(epstopdf)                    size: 24884 bytes
(epstopdf)             Output file: <graficos/grafico_x=5.000m-eps-converted-to
.pdf>
(epstopdf)                    date: 2020-11-01 14:18:08
(epstopdf)                    size: 14348 bytes
(epstopdf)             Command: <repstopdf --outfile=graficos/grafico_x=5.000m-
eps-converted-to.pdf graficos/grafico_x=5.000m.eps>
(epstopdf)             \includegraphics on input line 455.
Package epstopdf Info: Output file is already uptodate.
<graficos/grafico_x=5.000m-eps-converted-to.pdf, id=588, 1445.4pt x 1156.32pt>
File: graficos/grafico_x=5.000m-eps-converted-to.pdf Graphic file (type pdf)
<use graficos/grafico_x=5.000m-eps-converted-to.pdf>
Package pdftex.def Info: graficos/grafico_x=5.000m-eps-converted-to.pdf  used o
n input line 455.
(pdftex.def)             Requested size: 364.19667pt x 291.35536pt.
 [12 <./graficos/grafico_x=3.000m-eps-converted-to.pdf> <./graficos/grafico_x=4
.000m-eps-converted-to.pdf>]
Package epstopdf Info: Source file: <graficos/grafico_x=6.000m.eps>
(epstopdf)                    date: 2020-11-01 14:15:26
(epstopdf)                    size: 25982 bytes
(epstopdf)             Output file: <graficos/grafico_x=6.000m-eps-converted-to
.pdf>
(epstopdf)                    date: 2020-11-01 14:18:08
(epstopdf)                    size: 15083 bytes
(epstopdf)             Command: <repstopdf --outfile=graficos/grafico_x=6.000m-
eps-converted-to.pdf graficos/grafico_x=6.000m.eps>
(epstopdf)             \includegraphics on input line 462.
Package epstopdf Info: Output file is already uptodate.
<graficos/grafico_x=6.000m-eps-converted-to.pdf, id=663, 1445.4pt x 1156.32pt>
File: graficos/grafico_x=6.000m-eps-converted-to.pdf Graphic file (type pdf)
<use graficos/grafico_x=6.000m-eps-converted-to.pdf>
Package pdftex.def Info: graficos/grafico_x=6.000m-eps-converted-to.pdf  used o
n input line 462.
(pdftex.def)             Requested size: 364.19667pt x 291.35536pt.
Package epstopdf Info: Source file: <graficos/grafico_x=7.000m.eps>
(epstopdf)                    date: 2020-11-01 14:15:26
(epstopdf)                    size: 24584 bytes
(epstopdf)             Output file: <graficos/grafico_x=7.000m-eps-converted-to
.pdf>
(epstopdf)                    date: 2020-11-01 14:18:08
(epstopdf)                    size: 14988 bytes
(epstopdf)             Command: <repstopdf --outfile=graficos/grafico_x=7.000m-
eps-converted-to.pdf graficos/grafico_x=7.000m.eps>
(epstopdf)             \includegraphics on input line 469.
Package epstopdf Info: Output file is already uptodate.
<graficos/grafico_x=7.000m-eps-converted-to.pdf, id=664, 1445.4pt x 1156.32pt>
File: graficos/grafico_x=7.000m-eps-converted-to.pdf Graphic file (type pdf)
<use graficos/grafico_x=7.000m-eps-converted-to.pdf>
Package pdftex.def Info: graficos/grafico_x=7.000m-eps-converted-to.pdf  used o
n input line 469.
(pdftex.def)             Requested size: 364.19667pt x 291.35536pt.
 [13 <./graficos/grafico_x=5.000m-eps-converted-to.pdf> <./graficos/grafico_x=6
.000m-eps-converted-to.pdf>]
Package epstopdf Info: Source file: <graficos/grafico_x=8.000m.eps>
(epstopdf)                    date: 2020-11-01 14:15:26
(epstopdf)                    size: 24588 bytes
(epstopdf)             Output file: <graficos/grafico_x=8.000m-eps-converted-to
.pdf>
(epstopdf)                    date: 2020-11-01 14:18:08
(epstopdf)                    size: 14998 bytes
(epstopdf)             Command: <repstopdf --outfile=graficos/grafico_x=8.000m-
eps-converted-to.pdf graficos/grafico_x=8.000m.eps>
(epstopdf)             \includegraphics on input line 476.
Package epstopdf Info: Output file is already uptodate.
<graficos/grafico_x=8.000m-eps-converted-to.pdf, id=738, 1445.4pt x 1156.32pt>
File: graficos/grafico_x=8.000m-eps-converted-to.pdf Graphic file (type pdf)
<use graficos/grafico_x=8.000m-eps-converted-to.pdf>
Package pdftex.def Info: graficos/grafico_x=8.000m-eps-converted-to.pdf  used o
n input line 476.
(pdftex.def)             Requested size: 364.19667pt x 291.35536pt.
Package epstopdf Info: Source file: <graficos/grafico_x=9.000m.eps>
(epstopdf)                    date: 2020-11-01 14:15:26
(epstopdf)                    size: 25301 bytes
(epstopdf)             Output file: <graficos/grafico_x=9.000m-eps-converted-to
.pdf>
(epstopdf)                    date: 2020-11-01 14:18:09
(epstopdf)                    size: 15828 bytes
(epstopdf)             Command: <repstopdf --outfile=graficos/grafico_x=9.000m-
eps-converted-to.pdf graficos/grafico_x=9.000m.eps>
(epstopdf)             \includegraphics on input line 483.
Package epstopdf Info: Output file is already uptodate.
<graficos/grafico_x=9.000m-eps-converted-to.pdf, id=739, 1445.4pt x 1156.32pt>
File: graficos/grafico_x=9.000m-eps-converted-to.pdf Graphic file (type pdf)
<use graficos/grafico_x=9.000m-eps-converted-to.pdf>
Package pdftex.def Info: graficos/grafico_x=9.000m-eps-converted-to.pdf  used o
n input line 483.
(pdftex.def)             Requested size: 364.19667pt x 291.35536pt.
 [14 <./graficos/grafico_x=7.000m-eps-converted-to.pdf> <./graficos/grafico_x=8
.000m-eps-converted-to.pdf>]
Package epstopdf Info: Source file: <graficos/grafico_x=10.000m.eps>
(epstopdf)                    date: 2020-11-01 14:15:26
(epstopdf)                    size: 25319 bytes
(epstopdf)             Output file: <graficos/grafico_x=10.000m-eps-converted-t
o.pdf>
(epstopdf)                    date: 2020-11-01 14:18:09
(epstopdf)                    size: 14937 bytes
(epstopdf)             Command: <repstopdf --outfile=graficos/grafico_x=10.000m
-eps-converted-to.pdf graficos/grafico_x=10.000m.eps>
(epstopdf)             \includegraphics on input line 490.
Package epstopdf Info: Output file is already uptodate.
<graficos/grafico_x=10.000m-eps-converted-to.pdf, id=814, 1445.4pt x 1156.32pt>

File: graficos/grafico_x=10.000m-eps-converted-to.pdf Graphic file (type pdf)
<use graficos/grafico_x=10.000m-eps-converted-to.pdf>
Package pdftex.def Info: graficos/grafico_x=10.000m-eps-converted-to.pdf  used 
on input line 490.
(pdftex.def)             Requested size: 364.19667pt x 291.35536pt.
LaTeX Font Info:    Trying to load font information for T1+cmtt on input line 4
95.
 (/usr/share/texlive/texmf-dist/tex/latex/base/t1cmtt.fd
File: t1cmtt.fd 2019/12/16 v2.5j Standard LaTeX font definitions
) [15 <./graficos/grafico_x=9.000m-eps-converted-to.pdf> <./graficos/grafico_x=
10.000m-eps-converted-to.pdf>] [16] [17]
Overfull \hbox (9.65234pt too wide) detected at line 786
[][]
 []


Overfull \hbox (14.22458pt too wide) detected at line 811
[][]
 []

[18]
Overfull \hbox (36.96294pt too wide) detected at line 842
[][]
 []

Package atveryend Info: Empty hook `BeforeClearDocument' on input line 861.
[19]
Package atveryend Info: Empty hook `AfterLastShipout' on input line 861.
 (./main.aux)
Package atveryend Info: Executing hook `AtVeryEndDocument' on input line 861.
Package atveryend Info: Executing hook `AtEndAfterFileList' on input line 861.
Package rerunfilecheck Info: File `main.out' has not changed.
(rerunfilecheck)             Checksum: B17050EE689B1E9D3B6F5A528ED69F17;114.
Package atveryend Info: Empty hook `AtVeryVeryEnd' on input line 861.
 ) 
Here is how much of TeX's memory you used:
 9843 strings out of 483090
 151813 string characters out of 5963929
 428356 words of memory out of 5000000
 24546 multiletter control sequences out of 15000+600000
 565027 words of font info for 86 fonts, out of 8000000 for 9000
 61 hyphenation exceptions out of 8191
 38i,12n,49p,417b,352s stack positions out of 5000i,500n,10000p,200000b,80000s
{/usr/share/texmf/fonts/enc/dvips/cm-super/cm-super-t1.enc}{/usr/share/texliv
e/texmf-dist/fonts/enc/dvips/base/8r.enc}</usr/share/texlive/texmf-dist/fonts/t
ype1/public/amsfonts/cm/cmex10.pfb></usr/share/texlive/texmf-dist/fonts/type1/p
ublic/amsfonts/cm/cmmi10.pfb></usr/share/texlive/texmf-dist/fonts/type1/public/
amsfonts/cm/cmr10.pfb></usr/share/texlive/texmf-dist/fonts/type1/public/amsfont
s/cm/cmsy10.pfb></usr/share/texlive/texmf-dist/fonts/type1/public/mathpazo/fplm
r.pfb></usr/share/texlive/texmf-dist/fonts/type1/public/mathpazo/fplmri.pfb></u
sr/share/texmf/fonts/type1/public/cm-super/sftt1200.pfb></usr/share/texlive/tex
mf-dist/fonts/type1/urw/palatino/uplb8a.pfb></usr/share/texlive/texmf-dist/font
s/type1/urw/palatino/uplr8a.pfb></usr/share/texlive/texmf-dist/fonts/type1/urw/
palatino/uplri8a.pfb>
Output written on main.pdf (19 pages, 428038 bytes).
PDF statistics:
 963 PDF objects out of 1000 (max. 8388607)
 245 compressed objects within 3 object streams
 53 named destinations out of 1000 (max. 500000)
 132 words of extra memory for PDF output out of 10000 (max. 10000000)

